[17:55:57] [main/INFO]: Environment: authHost='https://authserver.mojang.com', accountsHost='https://api.mojang.com', sessionHost='https://sessionserver.mojang.com', servicesHost='https://api.minecraftservices.com', name='PROD'
[17:55:57] [main/INFO]: Found new data pack file/bukkit, loading it automatically
[17:55:57] [main/INFO]: Reloading ResourceManager: Default, bukkit
[17:55:58] [Worker-Main-1/INFO]: Loaded 7 recipes
[17:56:00] [Server thread/INFO]: Starting minecraft server version 1.16.5
[17:56:00] [Server thread/INFO]: Loading properties
[17:56:00] [Server thread/INFO]: This server is running Paper version git-Paper-794 (MC: 1.16.5) (Implementing API version 1.16.5-R0.1-SNAPSHOT)
[17:56:00] [Server thread/INFO]: Debug logging is disabled
[17:56:00] [Server thread/INFO]: Server Ping Player Sample Count: 12
[17:56:00] [Server thread/INFO]: Using 4 threads for Netty based IO
[17:56:00] [Server thread/INFO]: Default game type: SURVIVAL
[17:56:00] [Server thread/INFO]: Generating keypair
[17:56:01] [Server thread/INFO]: Starting Minecraft server on *:25565
[17:56:01] [Server thread/INFO]: Using epoll channel type
[17:56:01] [Server thread/WARN]: **** SERVER IS RUNNING IN OFFLINE/INSECURE MODE!
[17:56:01] [Server thread/WARN]: The server will make no attempt to authenticate usernames. Beware.
[17:56:01] [Server thread/WARN]: While this makes the game possible to play without internet access, it also opens up the ability for hackers to connect with any username they choose.
[17:56:01] [Server thread/WARN]: To change this, set "online-mode" to "true" in the server.properties file.
[17:56:01] [Server thread/INFO]: Preparing level "world"
[17:56:05] [Server thread/WARN]: Unable to find spawn biome
[17:56:07] [Server thread/WARN]: Unable to find spawn biome
[17:56:07] [Server thread/INFO]: Preparing start region for dimension minecraft:overworld
[17:56:08] [Worker-Main-1/INFO]: Preparing spawn area: 0%
[17:56:08] [Worker-Main-1/INFO]: Preparing spawn area: 0%
[17:56:08] [Server thread/INFO]: Time elapsed: 986 ms
[17:56:08] [Server thread/INFO]: Preparing start region for dimension minecraft:the_nether
[17:56:09] [Server thread/INFO]: Time elapsed: 849 ms
[17:56:09] [Server thread/INFO]: Preparing start region for dimension minecraft:the_end
[17:56:10] [Server thread/INFO]: Time elapsed: 787 ms
[17:56:10] [Server thread/INFO]: Running delayed init tasks
[17:56:10] [Server thread/INFO]: Done (10.104s)! For help, type "help"
[17:56:10] [Server thread/WARN]: [io.papermc.paper.util.PaperJvmChecker] ************************************************************
[17:56:10] [Server thread/WARN]: [io.papermc.paper.util.PaperJvmChecker] * WARNING - YOU ARE RUNNING AN OUTDATED VERSION OF JAVA.
[17:56:10] [Server thread/WARN]: [io.papermc.paper.util.PaperJvmChecker] * PAPER WILL STOP BEING COMPATIBLE WITH THIS VERSION OF
[17:56:10] [Server thread/WARN]: [io.papermc.paper.util.PaperJvmChecker] * JAVA WHEN MINECRAFT 1.17 IS RELEASED.
[17:56:10] [Server thread/WARN]: [io.papermc.paper.util.PaperJvmChecker] *
[17:56:10] [Server thread/WARN]: [io.papermc.paper.util.PaperJvmChecker] * Please update the version of Java you use to run Paper
[17:56:10] [Server thread/WARN]: [io.papermc.paper.util.PaperJvmChecker] * to at least Java 16. When Paper for Minecraft 1.17 is
[17:56:10] [Server thread/WARN]: [io.papermc.paper.util.PaperJvmChecker] * released support for versions of Java before 16 will
[17:56:10] [Server thread/WARN]: [io.papermc.paper.util.PaperJvmChecker] * be dropped.
[17:56:10] [Server thread/WARN]: [io.papermc.paper.util.PaperJvmChecker] *
[17:56:10] [Server thread/WARN]: [io.papermc.paper.util.PaperJvmChecker] * Current Java version: 11.0.29
[17:56:10] [Server thread/WARN]: [io.papermc.paper.util.PaperJvmChecker] *
[17:56:10] [Server thread/WARN]: [io.papermc.paper.util.PaperJvmChecker] * Check this forum post for more information: 
[17:56:10] [Server thread/WARN]: [io.papermc.paper.util.PaperJvmChecker] *   https://papermc.io/java16
[17:56:10] [Server thread/WARN]: [io.papermc.paper.util.PaperJvmChecker] ************************************************************
[17:56:10] [Server thread/INFO]: Timings Reset
[17:56:34] [User Authenticator #1/INFO]: UUID of player SoyD_Adriana is e45474ee-f537-39f7-aebf-e31789220d16
[17:56:34] [Server thread/INFO]: SoyD_Adriana joined the game
[17:56:34] [Server thread/INFO]: SoyD_Adriana[/127.89.88.141:39587] logged in with entity id 251 at ([world]-69.5, 64.0, 182.5)
[17:59:08] [Server thread/INFO]: SoyD_Adriana lost connection: Disconnected
[17:59:08] [Server thread/INFO]: SoyD_Adriana left the game
[18:02:59] [User Authenticator #2/INFO]: UUID of player SoyD_Adriana is e45474ee-f537-39f7-aebf-e31789220d16
[18:02:59] [Server thread/INFO]: SoyD_Adriana joined the game
[18:02:59] [Server thread/INFO]: SoyD_Adriana[/127.89.88.141:48811] logged in with entity id 909 at ([world]-99.64089501442116, 64.0, 155.34882132102388)
[18:31:24] [Server thread/INFO]: SoyD_Adriana lost connection: Disconnected
[18:31:24] [Server thread/INFO]: SoyD_Adriana left the game
